  [1m[36m (3.5ms)[0m  [1mCREATE TABLE "schema_migrations" ("version" varchar NOT NULL) [0m
  [1m[35m (0.0ms)[0m  select sqlite_version(*)
  [1m[36m (3.5ms)[0m  [1mCREATE UNIQUE INDEX "unique_schema_migrations" ON "schema_migrations" ("version")[0m
  [1m[35mActiveRecord::SchemaMigration Load (0.5ms)[0m  SELECT "schema_migrations".* FROM "schema_migrations"
Migrating to CreateStudents (20160913210751)
  [1m[36m (0.0ms)[0m  [1mbegin transaction[0m
  [1m[35m (0.5ms)[0m  CREATE TABLE "students" ("id" INTEGER PRIMARY KEY AUTOINCREMENT NOT NULL, "firstname" varchar, "lastname" varchar, "favoritefood" varchar, "favoritecolor" varchar, "favoritemovie" varchar, "created_at" datetime NOT NULL, "updated_at" datetime NOT NULL) 
  [1m[36mSQL (0.0ms)[0m  [1mINSERT INTO "schema_migrations" ("version") VALUES (?)[0m  [["version", "20160913210751"]]
  [1m[35m (3.0ms)[0m  commit transaction
  [1m[36mActiveRecord::SchemaMigration Load (1.0ms)[0m  [1mSELECT "schema_migrations".* FROM "schema_migrations"[0m


Started GET "/students" for ::1 at 2016-09-13 15:56:33 -0600
  [1m[36mActiveRecord::SchemaMigration Load (0.0ms)[0m  [1mSELECT "schema_migrations".* FROM "schema_migrations"[0m
Processing by StudentsController#index as HTML
Completed 500 Internal Server Error in 12ms (ActiveRecord: 0.0ms)

NoMethodError (undefined method `transform' for #<StudentsController:0x603dea8>):
  app/controllers/students_controller.rb:4:in `index'


  Rendered C:/RailsInstaller/Ruby2.1.0/lib/ruby/gems/2.1.0/gems/actionpack-4.2.5.1/lib/action_dispatch/middleware/templates/rescues/_source.erb (0.0ms)
  Rendered C:/RailsInstaller/Ruby2.1.0/lib/ruby/gems/2.1.0/gems/actionpack-4.2.5.1/lib/action_dispatch/middleware/templates/rescues/_trace.html.erb (1.0ms)
  Rendered C:/RailsInstaller/Ruby2.1.0/lib/ruby/gems/2.1.0/gems/actionpack-4.2.5.1/lib/action_dispatch/middleware/templates/rescues/_request_and_response.html.erb (0.0ms)
  Rendered C:/RailsInstaller/Ruby2.1.0/lib/ruby/gems/2.1.0/gems/actionpack-4.2.5.1/lib/action_dispatch/middleware/templates/rescues/diagnostics.html.erb within rescues/layout (53.4ms)
  Rendered C:/RailsInstaller/Ruby2.1.0/lib/ruby/gems/2.1.0/gems/web-console-2.3.0/lib/web_console/templates/_markup.html.erb (0.0ms)
  Rendered C:/RailsInstaller/Ruby2.1.0/lib/ruby/gems/2.1.0/gems/web-console-2.3.0/lib/web_console/templates/_inner_console_markup.html.erb within layouts/inlined_string (0.0ms)
  Rendered C:/RailsInstaller/Ruby2.1.0/lib/ruby/gems/2.1.0/gems/web-console-2.3.0/lib/web_console/templates/_prompt_box_markup.html.erb within layouts/inlined_string (0.0ms)
  Rendered C:/RailsInstaller/Ruby2.1.0/lib/ruby/gems/2.1.0/gems/web-console-2.3.0/lib/web_console/templates/style.css.erb within layouts/inlined_string (0.0ms)
  Rendered C:/RailsInstaller/Ruby2.1.0/lib/ruby/gems/2.1.0/gems/web-console-2.3.0/lib/web_console/templates/console.js.erb within layouts/javascript (26.1ms)
  Rendered C:/RailsInstaller/Ruby2.1.0/lib/ruby/gems/2.1.0/gems/web-console-2.3.0/lib/web_console/templates/main.js.erb within layouts/javascript (0.0ms)
  Rendered C:/RailsInstaller/Ruby2.1.0/lib/ruby/gems/2.1.0/gems/web-console-2.3.0/lib/web_console/templates/error_page.js.erb within layouts/javascript (0.0ms)
  Rendered C:/RailsInstaller/Ruby2.1.0/lib/ruby/gems/2.1.0/gems/web-console-2.3.0/lib/web_console/templates/index.html.erb (55.9ms)


Started GET "/students" for ::1 at 2016-09-13 16:22:51 -0600
Processing by StudentsController#index as HTML
  [1m[35mStudent Load (0.5ms)[0m  SELECT "students".* FROM "students"
  Rendered students/index.html.erb within layouts/application (0.5ms)
Completed 200 OK in 390ms (Views: 386.5ms | ActiveRecord: 0.5ms)
  [1m[36mActiveRecord::SchemaMigration Load (0.1ms)[0m  [1mSELECT "schema_migrations".* FROM "schema_migrations"[0m
  [1m[35mActiveRecord::SchemaMigration Load (0.1ms)[0m  SELECT "schema_migrations".* FROM "schema_migrations"
  [1m[36m (0.2ms)[0m  [1mSELECT COUNT(*) FROM "students"[0m
  [1m[35m (0.1ms)[0m  begin transaction
  [1m[36mSQL (0.4ms)[0m  [1mINSERT INTO "students" ("created_at", "updated_at") VALUES (?, ?)[0m  [["created_at", "2016-10-31 18:24:17.976818"], ["updated_at", "2016-10-31 18:24:17.976818"]]
  [1m[35m (203.8ms)[0m  commit transaction
  [1m[36mStudent Load (0.3ms)[0m  [1mSELECT "students".* FROM "students"[0m
  [1m[35m (0.1ms)[0m  begin transaction
  [1m[36mSQL (0.3ms)[0m  [1mDELETE FROM "students" WHERE "students"."id" = ?[0m  [["id", 1]]
  [1m[35m (134.0ms)[0m  commit transaction
  [1m[36mActiveRecord::SchemaMigration Load (0.1ms)[0m  [1mSELECT "schema_migrations".* FROM "schema_migrations"[0m


Started GET "/" for 127.0.0.1 at 2016-10-31 14:25:01 -0400
  [1m[36mActiveRecord::SchemaMigration Load (0.2ms)[0m  [1mSELECT "schema_migrations".* FROM "schema_migrations"[0m
Processing by Rails::WelcomeController#index as HTML
  Rendered /home/sai/.rvm/gems/ruby-2.1.0/gems/railties-4.2.5.1/lib/rails/templates/rails/welcome/index.html.erb (2.2ms)
Completed 200 OK in 22ms (Views: 10.6ms | ActiveRecord: 0.0ms)


Started GET "/students" for 127.0.0.1 at 2016-10-31 14:25:17 -0400
Processing by StudentsController#index as HTML
  Rendered students/index.html.erb within layouts/application (4.4ms)
Completed 500 Internal Server Error in 11ms (ActiveRecord: 0.0ms)

ActionView::Template::Error (undefined method `each' for nil:NilClass):
     6:     <th>FavoriteMovie</th>
     7:   </tr>
     8:  
     9:   <% @students.each do |student| %>
    10:     <tr>
    11:       <td><%= student.name %></td>
    12:       <td><%= student.movie %></td>
  app/views/students/index.html.erb:9:in `_app_views_students_index_html_erb___1819252375990471246_28181780'


  Rendered /home/sai/.rvm/gems/ruby-2.1.0/gems/actionpack-4.2.5.1/lib/action_dispatch/middleware/templates/rescues/_source.erb (10.2ms)
  Rendered /home/sai/.rvm/gems/ruby-2.1.0/gems/actionpack-4.2.5.1/lib/action_dispatch/middleware/templates/rescues/_trace.html.erb (5.5ms)
  Rendered /home/sai/.rvm/gems/ruby-2.1.0/gems/actionpack-4.2.5.1/lib/action_dispatch/middleware/templates/rescues/_request_and_response.html.erb (1.3ms)
  Rendered /home/sai/.rvm/gems/ruby-2.1.0/gems/actionpack-4.2.5.1/lib/action_dispatch/middleware/templates/rescues/template_error.html.erb within rescues/layout (32.4ms)
  Rendered /home/sai/.rvm/gems/ruby-2.1.0/gems/web-console-2.3.0/lib/web_console/templates/_markup.html.erb (36.7ms)
  Rendered /home/sai/.rvm/gems/ruby-2.1.0/gems/web-console-2.3.0/lib/web_console/templates/_inner_console_markup.html.erb within layouts/inlined_string (0.5ms)
  Rendered /home/sai/.rvm/gems/ruby-2.1.0/gems/web-console-2.3.0/lib/web_console/templates/_prompt_box_markup.html.erb within layouts/inlined_string (0.3ms)
  Rendered /home/sai/.rvm/gems/ruby-2.1.0/gems/web-console-2.3.0/lib/web_console/templates/style.css.erb within layouts/inlined_string (0.5ms)
  Rendered /home/sai/.rvm/gems/ruby-2.1.0/gems/web-console-2.3.0/lib/web_console/templates/console.js.erb within layouts/javascript (23.6ms)
  Rendered /home/sai/.rvm/gems/ruby-2.1.0/gems/web-console-2.3.0/lib/web_console/templates/main.js.erb within layouts/javascript (0.5ms)
  Rendered /home/sai/.rvm/gems/ruby-2.1.0/gems/web-console-2.3.0/lib/web_console/templates/error_page.js.erb within layouts/javascript (0.6ms)
  Rendered /home/sai/.rvm/gems/ruby-2.1.0/gems/web-console-2.3.0/lib/web_console/templates/index.html.erb (86.1ms)
  [1m[36m (0.1ms)[0m  [1mbegin transaction[0m
  [1m[35mSQL (0.5ms)[0m  INSERT INTO "students" ("firstname", "lastname", "favoritefood", "favoritecolor", "favoritemovie", "created_at", "updated_at") VALUES (?, ?, ?, ?, ?, ?, ?)  [["firstname", "sam"], ["lastname", "smith"], ["favoritefood", "Pizza"], ["favoritecolor", "blue"], ["favoritemovie", "Inception"], ["created_at", "2016-10-31 18:38:21.436297"], ["updated_at", "2016-10-31 18:38:21.436297"]]
  [1m[36m (112.0ms)[0m  [1mcommit transaction[0m
  [1m[35m (0.1ms)[0m  begin transaction
  [1m[36mSQL (0.2ms)[0m  [1mINSERT INTO "students" ("firstname", "lastname", "favoritefood", "favoritecolor", "favoritemovie", "created_at", "updated_at") VALUES (?, ?, ?, ?, ?, ?, ?)[0m  [["firstname", "andrew"], ["lastname", "bryne"], ["favoritefood", "Pizza"], ["favoritecolor", "blue"], ["favoritemovie", "Inception"], ["created_at", "2016-10-31 18:39:20.476297"], ["updated_at", "2016-10-31 18:39:20.476297"]]
  [1m[35m (100.8ms)[0m  commit transaction
  [1m[36m (0.1ms)[0m  [1mbegin transaction[0m
  [1m[35mSQL (0.3ms)[0m  INSERT INTO "students" ("firstname", "lastname", "favoritefood", "favoritecolor", "favoritemovie", "created_at", "updated_at") VALUES (?, ?, ?, ?, ?, ?, ?)  [["firstname", "sam"], ["lastname", "jeniffer"], ["favoritefood", "Pizza"], ["favoritecolor", "blue"], ["favoritemovie", "Inception"], ["created_at", "2016-10-31 18:40:28.903490"], ["updated_at", "2016-10-31 18:40:28.903490"]]
  [1m[36m (120.9ms)[0m  [1mcommit transaction[0m
  [1m[35mStudent Load (0.2ms)[0m  SELECT "students".* FROM "students"


Started GET "/students" for 127.0.0.1 at 2016-10-31 14:41:14 -0400
  [1m[36mActiveRecord::SchemaMigration Load (0.3ms)[0m  [1mSELECT "schema_migrations".* FROM "schema_migrations"[0m
Processing by StudentsController#index as HTML
  Rendered students/index.html.erb within layouts/application (9.8ms)
Completed 500 Internal Server Error in 35ms (ActiveRecord: 0.0ms)

ActionView::Template::Error (undefined method `each' for nil:NilClass):
     6:     <th>FavoriteMovie</th>
     7:   </tr>
     8:  
     9:   <% @students.each do |student| %>
    10:     <tr>
    11:       <td><%= student.name %></td>
    12:       <td><%= student.movie %></td>
  app/views/students/index.html.erb:9:in `_app_views_students_index_html_erb___410580068787939666_35064240'


  Rendered /home/sai/.rvm/gems/ruby-2.1.0/gems/actionpack-4.2.5.1/lib/action_dispatch/middleware/templates/rescues/_source.erb (12.5ms)
  Rendered /home/sai/.rvm/gems/ruby-2.1.0/gems/actionpack-4.2.5.1/lib/action_dispatch/middleware/templates/rescues/_trace.html.erb (4.9ms)
  Rendered /home/sai/.rvm/gems/ruby-2.1.0/gems/actionpack-4.2.5.1/lib/action_dispatch/middleware/templates/rescues/_request_and_response.html.erb (1.3ms)
  Rendered /home/sai/.rvm/gems/ruby-2.1.0/gems/actionpack-4.2.5.1/lib/action_dispatch/middleware/templates/rescues/template_error.html.erb within rescues/layout (34.2ms)
  Rendered /home/sai/.rvm/gems/ruby-2.1.0/gems/web-console-2.3.0/lib/web_console/templates/_markup.html.erb (0.6ms)
  Rendered /home/sai/.rvm/gems/ruby-2.1.0/gems/web-console-2.3.0/lib/web_console/templates/_inner_console_markup.html.erb within layouts/inlined_string (0.5ms)
  Rendered /home/sai/.rvm/gems/ruby-2.1.0/gems/web-console-2.3.0/lib/web_console/templates/_prompt_box_markup.html.erb within layouts/inlined_string (0.4ms)
  Rendered /home/sai/.rvm/gems/ruby-2.1.0/gems/web-console-2.3.0/lib/web_console/templates/style.css.erb within layouts/inlined_string (0.6ms)
  Rendered /home/sai/.rvm/gems/ruby-2.1.0/gems/web-console-2.3.0/lib/web_console/templates/console.js.erb within layouts/javascript (25.0ms)
  Rendered /home/sai/.rvm/gems/ruby-2.1.0/gems/web-console-2.3.0/lib/web_console/templates/main.js.erb within layouts/javascript (0.5ms)
  Rendered /home/sai/.rvm/gems/ruby-2.1.0/gems/web-console-2.3.0/lib/web_console/templates/error_page.js.erb within layouts/javascript (0.5ms)
  Rendered /home/sai/.rvm/gems/ruby-2.1.0/gems/web-console-2.3.0/lib/web_console/templates/index.html.erb (48.5ms)


Started GET "/" for 127.0.0.1 at 2016-10-31 14:41:18 -0400
Processing by Rails::WelcomeController#index as HTML
  Rendered /home/sai/.rvm/gems/ruby-2.1.0/gems/railties-4.2.5.1/lib/rails/templates/rails/welcome/index.html.erb (1.2ms)
Completed 200 OK in 8ms (Views: 7.1ms | ActiveRecord: 0.0ms)


Started GET "/students" for 127.0.0.1 at 2016-10-31 14:41:25 -0400
Processing by StudentsController#index as HTML
  Rendered students/index.html.erb within layouts/application (3.2ms)
Completed 500 Internal Server Error in 6ms (ActiveRecord: 0.0ms)

ActionView::Template::Error (undefined method `each' for nil:NilClass):
     6:     <th>FavoriteMovie</th>
     7:   </tr>
     8:  
     9:   <% @students.each do |student| %>
    10:     <tr>
    11:       <td><%= student.name %></td>
    12:       <td><%= student.movie %></td>
  app/views/students/index.html.erb:9:in `_app_views_students_index_html_erb___410580068787939666_35064240'


  Rendered /home/sai/.rvm/gems/ruby-2.1.0/gems/actionpack-4.2.5.1/lib/action_dispatch/middleware/templates/rescues/_source.erb (10.1ms)
  Rendered /home/sai/.rvm/gems/ruby-2.1.0/gems/actionpack-4.2.5.1/lib/action_dispatch/middleware/templates/rescues/_trace.html.erb (3.8ms)
  Rendered /home/sai/.rvm/gems/ruby-2.1.0/gems/actionpack-4.2.5.1/lib/action_dispatch/middleware/templates/rescues/_request_and_response.html.erb (1.8ms)
  Rendered /home/sai/.rvm/gems/ruby-2.1.0/gems/actionpack-4.2.5.1/lib/action_dispatch/middleware/templates/rescues/template_error.html.erb within rescues/layout (30.8ms)
  Rendered /home/sai/.rvm/gems/ruby-2.1.0/gems/web-console-2.3.0/lib/web_console/templates/_markup.html.erb (0.5ms)
  Rendered /home/sai/.rvm/gems/ruby-2.1.0/gems/web-console-2.3.0/lib/web_console/templates/_inner_console_markup.html.erb within layouts/inlined_string (0.4ms)
  Rendered /home/sai/.rvm/gems/ruby-2.1.0/gems/web-console-2.3.0/lib/web_console/templates/_prompt_box_markup.html.erb within layouts/inlined_string (0.4ms)
  Rendered /home/sai/.rvm/gems/ruby-2.1.0/gems/web-console-2.3.0/lib/web_console/templates/style.css.erb within layouts/inlined_string (0.4ms)
  Rendered /home/sai/.rvm/gems/ruby-2.1.0/gems/web-console-2.3.0/lib/web_console/templates/console.js.erb within layouts/javascript (17.3ms)
  Rendered /home/sai/.rvm/gems/ruby-2.1.0/gems/web-console-2.3.0/lib/web_console/templates/main.js.erb within layouts/javascript (0.5ms)
  Rendered /home/sai/.rvm/gems/ruby-2.1.0/gems/web-console-2.3.0/lib/web_console/templates/error_page.js.erb within layouts/javascript (0.6ms)
  Rendered /home/sai/.rvm/gems/ruby-2.1.0/gems/web-console-2.3.0/lib/web_console/templates/index.html.erb (37.5ms)


Started GET "/students" for 127.0.0.1 at 2016-10-31 14:42:07 -0400
Processing by StudentsController#index as HTML
  Rendered students/index.html.erb within layouts/application (3.4ms)
Completed 500 Internal Server Error in 6ms (ActiveRecord: 0.0ms)

ActionView::Template::Error (undefined method `each' for nil:NilClass):
     6:     <th>FavoriteMovie</th>
     7:   </tr>
     8:  
     9:   <% @students.each do |student| %>
    10:     <tr>
    11:       <td><%= student.name %></td>
    12:       <td><%= student.movie %></td>
  app/views/students/index.html.erb:9:in `_app_views_students_index_html_erb___410580068787939666_35064240'


  Rendered /home/sai/.rvm/gems/ruby-2.1.0/gems/actionpack-4.2.5.1/lib/action_dispatch/middleware/templates/rescues/_source.erb (11.3ms)
  Rendered /home/sai/.rvm/gems/ruby-2.1.0/gems/actionpack-4.2.5.1/lib/action_dispatch/middleware/templates/rescues/_trace.html.erb (3.8ms)
  Rendered /home/sai/.rvm/gems/ruby-2.1.0/gems/actionpack-4.2.5.1/lib/action_dispatch/middleware/templates/rescues/_request_and_response.html.erb (1.2ms)
  Rendered /home/sai/.rvm/gems/ruby-2.1.0/gems/actionpack-4.2.5.1/lib/action_dispatch/middleware/templates/rescues/template_error.html.erb within rescues/layout (31.1ms)
  Rendered /home/sai/.rvm/gems/ruby-2.1.0/gems/web-console-2.3.0/lib/web_console/templates/_markup.html.erb (0.6ms)
  Rendered /home/sai/.rvm/gems/ruby-2.1.0/gems/web-console-2.3.0/lib/web_console/templates/_inner_console_markup.html.erb within layouts/inlined_string (0.7ms)
  Rendered /home/sai/.rvm/gems/ruby-2.1.0/gems/web-console-2.3.0/lib/web_console/templates/_prompt_box_markup.html.erb within layouts/inlined_string (0.4ms)
  Rendered /home/sai/.rvm/gems/ruby-2.1.0/gems/web-console-2.3.0/lib/web_console/templates/style.css.erb within layouts/inlined_string (0.4ms)
  Rendered /home/sai/.rvm/gems/ruby-2.1.0/gems/web-console-2.3.0/lib/web_console/templates/console.js.erb within layouts/javascript (18.8ms)
  Rendered /home/sai/.rvm/gems/ruby-2.1.0/gems/web-console-2.3.0/lib/web_console/templates/main.js.erb within layouts/javascript (0.5ms)
  Rendered /home/sai/.rvm/gems/ruby-2.1.0/gems/web-console-2.3.0/lib/web_console/templates/error_page.js.erb within layouts/javascript (0.5ms)
  Rendered /home/sai/.rvm/gems/ruby-2.1.0/gems/web-console-2.3.0/lib/web_console/templates/index.html.erb (38.8ms)


Started GET "/students" for 127.0.0.1 at 2016-10-31 14:42:28 -0400
Processing by StudentsController#index as HTML
  [1m[35mStudent Load (0.4ms)[0m  SELECT "students".* FROM "students"
  Rendered students/index.html.erb within layouts/application (14.4ms)
Completed 500 Internal Server Error in 23ms (ActiveRecord: 0.8ms)

ActionView::Template::Error (undefined method `name' for #<Student:0x000000043264b0>):
     8:  
     9:   <% @students.each do |student| %>
    10:     <tr>
    11:       <td><%= student.name %></td>
    12:       <td><%= student.movie %></td>
    13:     </tr>
    14:   <% end %>
  app/views/students/index.html.erb:11:in `block in _app_views_students_index_html_erb___410580068787939666_35064240'
  app/views/students/index.html.erb:9:in `_app_views_students_index_html_erb___410580068787939666_35064240'


  Rendered /home/sai/.rvm/gems/ruby-2.1.0/gems/actionpack-4.2.5.1/lib/action_dispatch/middleware/templates/rescues/_source.erb (11.3ms)
  Rendered /home/sai/.rvm/gems/ruby-2.1.0/gems/actionpack-4.2.5.1/lib/action_dispatch/middleware/templates/rescues/_trace.html.erb (11.4ms)
  Rendered /home/sai/.rvm/gems/ruby-2.1.0/gems/actionpack-4.2.5.1/lib/action_dispatch/middleware/templates/rescues/_request_and_response.html.erb (1.3ms)
  Rendered /home/sai/.rvm/gems/ruby-2.1.0/gems/actionpack-4.2.5.1/lib/action_dispatch/middleware/templates/rescues/template_error.html.erb within rescues/layout (38.6ms)
  Rendered /home/sai/.rvm/gems/ruby-2.1.0/gems/web-console-2.3.0/lib/web_console/templates/_markup.html.erb (1.2ms)
  Rendered /home/sai/.rvm/gems/ruby-2.1.0/gems/web-console-2.3.0/lib/web_console/templates/_inner_console_markup.html.erb within layouts/inlined_string (0.4ms)
  Rendered /home/sai/.rvm/gems/ruby-2.1.0/gems/web-console-2.3.0/lib/web_console/templates/_prompt_box_markup.html.erb within layouts/inlined_string (0.3ms)
  Rendered /home/sai/.rvm/gems/ruby-2.1.0/gems/web-console-2.3.0/lib/web_console/templates/style.css.erb within layouts/inlined_string (0.5ms)
  Rendered /home/sai/.rvm/gems/ruby-2.1.0/gems/web-console-2.3.0/lib/web_console/templates/console.js.erb within layouts/javascript (17.9ms)
  Rendered /home/sai/.rvm/gems/ruby-2.1.0/gems/web-console-2.3.0/lib/web_console/templates/main.js.erb within layouts/javascript (0.8ms)
  Rendered /home/sai/.rvm/gems/ruby-2.1.0/gems/web-console-2.3.0/lib/web_console/templates/error_page.js.erb within layouts/javascript (0.5ms)
  Rendered /home/sai/.rvm/gems/ruby-2.1.0/gems/web-console-2.3.0/lib/web_console/templates/index.html.erb (39.8ms)


Started GET "/students" for 127.0.0.1 at 2016-10-31 14:43:20 -0400
Processing by StudentsController#index as HTML
  [1m[36mStudent Load (0.5ms)[0m  [1mSELECT "students".* FROM "students"[0m
  Rendered students/index.html.erb within layouts/application (12.9ms)
Completed 500 Internal Server Error in 20ms (ActiveRecord: 1.1ms)

ActionView::Template::Error (undefined method `name' for #<Student:0x00000005abd740>):
     8:  
     9:   <% @students.each do |student| %>
    10:     <tr>
    11:       <td><%= student.name %></td>
    12:       <td><%= student.movie %></td>
    13:     </tr>
    14:   <% end %>
  app/views/students/index.html.erb:11:in `block in _app_views_students_index_html_erb___410580068787939666_35064240'
  app/views/students/index.html.erb:9:in `_app_views_students_index_html_erb___410580068787939666_35064240'


  Rendered /home/sai/.rvm/gems/ruby-2.1.0/gems/actionpack-4.2.5.1/lib/action_dispatch/middleware/templates/rescues/_source.erb (11.7ms)
  Rendered /home/sai/.rvm/gems/ruby-2.1.0/gems/actionpack-4.2.5.1/lib/action_dispatch/middleware/templates/rescues/_trace.html.erb (4.0ms)
  Rendered /home/sai/.rvm/gems/ruby-2.1.0/gems/actionpack-4.2.5.1/lib/action_dispatch/middleware/templates/rescues/_request_and_response.html.erb (1.3ms)
  Rendered /home/sai/.rvm/gems/ruby-2.1.0/gems/actionpack-4.2.5.1/lib/action_dispatch/middleware/templates/rescues/template_error.html.erb within rescues/layout (30.9ms)
  Rendered /home/sai/.rvm/gems/ruby-2.1.0/gems/web-console-2.3.0/lib/web_console/templates/_markup.html.erb (0.4ms)
  Rendered /home/sai/.rvm/gems/ruby-2.1.0/gems/web-console-2.3.0/lib/web_console/templates/_inner_console_markup.html.erb within layouts/inlined_string (1.0ms)
  Rendered /home/sai/.rvm/gems/ruby-2.1.0/gems/web-console-2.3.0/lib/web_console/templates/_prompt_box_markup.html.erb within layouts/inlined_string (0.4ms)
  Rendered /home/sai/.rvm/gems/ruby-2.1.0/gems/web-console-2.3.0/lib/web_console/templates/style.css.erb within layouts/inlined_string (0.4ms)
  Rendered /home/sai/.rvm/gems/ruby-2.1.0/gems/web-console-2.3.0/lib/web_console/templates/console.js.erb within layouts/javascript (19.8ms)
  Rendered /home/sai/.rvm/gems/ruby-2.1.0/gems/web-console-2.3.0/lib/web_console/templates/main.js.erb within layouts/javascript (0.8ms)
  Rendered /home/sai/.rvm/gems/ruby-2.1.0/gems/web-console-2.3.0/lib/web_console/templates/error_page.js.erb within layouts/javascript (1.0ms)
  Rendered /home/sai/.rvm/gems/ruby-2.1.0/gems/web-console-2.3.0/lib/web_console/templates/index.html.erb (40.0ms)


Started GET "/students" for 127.0.0.1 at 2016-10-31 14:43:22 -0400
Processing by StudentsController#index as HTML
  [1m[35mStudent Load (1.8ms)[0m  SELECT "students".* FROM "students"
  Rendered students/index.html.erb within layouts/application (7.6ms)
Completed 500 Internal Server Error in 11ms (ActiveRecord: 1.8ms)

ActionView::Template::Error (undefined method `name' for #<Student:0x000000044e0e90>):
     8:  
     9:   <% @students.each do |student| %>
    10:     <tr>
    11:       <td><%= student.name %></td>
    12:       <td><%= student.movie %></td>
    13:     </tr>
    14:   <% end %>
  app/views/students/index.html.erb:11:in `block in _app_views_students_index_html_erb___410580068787939666_35064240'
  app/views/students/index.html.erb:9:in `_app_views_students_index_html_erb___410580068787939666_35064240'


  Rendered /home/sai/.rvm/gems/ruby-2.1.0/gems/actionpack-4.2.5.1/lib/action_dispatch/middleware/templates/rescues/_source.erb (18.3ms)
  Rendered /home/sai/.rvm/gems/ruby-2.1.0/gems/actionpack-4.2.5.1/lib/action_dispatch/middleware/templates/rescues/_trace.html.erb (4.4ms)
  Rendered /home/sai/.rvm/gems/ruby-2.1.0/gems/actionpack-4.2.5.1/lib/action_dispatch/middleware/templates/rescues/_request_and_response.html.erb (1.3ms)
  Rendered /home/sai/.rvm/gems/ruby-2.1.0/gems/actionpack-4.2.5.1/lib/action_dispatch/middleware/templates/rescues/template_error.html.erb within rescues/layout (39.0ms)
  Rendered /home/sai/.rvm/gems/ruby-2.1.0/gems/web-console-2.3.0/lib/web_console/templates/_markup.html.erb (0.6ms)
  Rendered /home/sai/.rvm/gems/ruby-2.1.0/gems/web-console-2.3.0/lib/web_console/templates/_inner_console_markup.html.erb within layouts/inlined_string (0.6ms)
  Rendered /home/sai/.rvm/gems/ruby-2.1.0/gems/web-console-2.3.0/lib/web_console/templates/_prompt_box_markup.html.erb within layouts/inlined_string (0.5ms)
  Rendered /home/sai/.rvm/gems/ruby-2.1.0/gems/web-console-2.3.0/lib/web_console/templates/style.css.erb within layouts/inlined_string (0.4ms)
  Rendered /home/sai/.rvm/gems/ruby-2.1.0/gems/web-console-2.3.0/lib/web_console/templates/console.js.erb within layouts/javascript (18.4ms)
  Rendered /home/sai/.rvm/gems/ruby-2.1.0/gems/web-console-2.3.0/lib/web_console/templates/main.js.erb within layouts/javascript (0.5ms)
  Rendered /home/sai/.rvm/gems/ruby-2.1.0/gems/web-console-2.3.0/lib/web_console/templates/error_page.js.erb within layouts/javascript (0.5ms)
  Rendered /home/sai/.rvm/gems/ruby-2.1.0/gems/web-console-2.3.0/lib/web_console/templates/index.html.erb (37.8ms)


Started GET "/" for 127.0.0.1 at 2016-10-31 14:43:27 -0400
Processing by StudentsController#index as HTML
  [1m[36mStudent Load (0.2ms)[0m  [1mSELECT "students".* FROM "students"[0m
  Rendered students/index.html.erb within layouts/application (3.9ms)
Completed 500 Internal Server Error in 6ms (ActiveRecord: 0.2ms)

ActionView::Template::Error (undefined method `name' for #<Student:0x00000005b84de0>):
     8:  
     9:   <% @students.each do |student| %>
    10:     <tr>
    11:       <td><%= student.name %></td>
    12:       <td><%= student.movie %></td>
    13:     </tr>
    14:   <% end %>
  app/views/students/index.html.erb:11:in `block in _app_views_students_index_html_erb___410580068787939666_35064240'
  app/views/students/index.html.erb:9:in `_app_views_students_index_html_erb___410580068787939666_35064240'


  Rendered /home/sai/.rvm/gems/ruby-2.1.0/gems/actionpack-4.2.5.1/lib/action_dispatch/middleware/templates/rescues/_source.erb (10.8ms)
  Rendered /home/sai/.rvm/gems/ruby-2.1.0/gems/actionpack-4.2.5.1/lib/action_dispatch/middleware/templates/rescues/_trace.html.erb (4.3ms)
  Rendered /home/sai/.rvm/gems/ruby-2.1.0/gems/actionpack-4.2.5.1/lib/action_dispatch/middleware/templates/rescues/_request_and_response.html.erb (1.2ms)
  Rendered /home/sai/.rvm/gems/ruby-2.1.0/gems/actionpack-4.2.5.1/lib/action_dispatch/middleware/templates/rescues/template_error.html.erb within rescues/layout (30.1ms)
  Rendered /home/sai/.rvm/gems/ruby-2.1.0/gems/web-console-2.3.0/lib/web_console/templates/_markup.html.erb (0.5ms)
  Rendered /home/sai/.rvm/gems/ruby-2.1.0/gems/web-console-2.3.0/lib/web_console/templates/_inner_console_markup.html.erb within layouts/inlined_string (0.4ms)
  Rendered /home/sai/.rvm/gems/ruby-2.1.0/gems/web-console-2.3.0/lib/web_console/templates/_prompt_box_markup.html.erb within layouts/inlined_string (0.4ms)
  Rendered /home/sai/.rvm/gems/ruby-2.1.0/gems/web-console-2.3.0/lib/web_console/templates/style.css.erb within layouts/inlined_string (0.5ms)
  Rendered /home/sai/.rvm/gems/ruby-2.1.0/gems/web-console-2.3.0/lib/web_console/templates/console.js.erb within layouts/javascript (17.8ms)
  Rendered /home/sai/.rvm/gems/ruby-2.1.0/gems/web-console-2.3.0/lib/web_console/templates/main.js.erb within layouts/javascript (0.3ms)
  Rendered /home/sai/.rvm/gems/ruby-2.1.0/gems/web-console-2.3.0/lib/web_console/templates/error_page.js.erb within layouts/javascript (0.4ms)
  Rendered /home/sai/.rvm/gems/ruby-2.1.0/gems/web-console-2.3.0/lib/web_console/templates/index.html.erb (36.0ms)


Started GET "/" for 127.0.0.1 at 2016-10-31 14:43:33 -0400
Processing by StudentsController#index as HTML
  [1m[35mStudent Load (1.6ms)[0m  SELECT "students".* FROM "students"
  Rendered students/index.html.erb within layouts/application (7.0ms)
Completed 500 Internal Server Error in 11ms (ActiveRecord: 1.6ms)

ActionView::Template::Error (undefined method `name' for #<Student:0x00000005458e68>):
     8:  
     9:   <% @students.each do |student| %>
    10:     <tr>
    11:       <td><%= student.name %></td>
    12:       <td><%= student.movie %></td>
    13:     </tr>
    14:   <% end %>
  app/views/students/index.html.erb:11:in `block in _app_views_students_index_html_erb___410580068787939666_35064240'
  app/views/students/index.html.erb:9:in `_app_views_students_index_html_erb___410580068787939666_35064240'


  Rendered /home/sai/.rvm/gems/ruby-2.1.0/gems/actionpack-4.2.5.1/lib/action_dispatch/middleware/templates/rescues/_source.erb (12.6ms)
  Rendered /home/sai/.rvm/gems/ruby-2.1.0/gems/actionpack-4.2.5.1/lib/action_dispatch/middleware/templates/rescues/_trace.html.erb (5.3ms)
  Rendered /home/sai/.rvm/gems/ruby-2.1.0/gems/actionpack-4.2.5.1/lib/action_dispatch/middleware/templates/rescues/_request_and_response.html.erb (1.4ms)
  Rendered /home/sai/.rvm/gems/ruby-2.1.0/gems/actionpack-4.2.5.1/lib/action_dispatch/middleware/templates/rescues/template_error.html.erb within rescues/layout (35.8ms)
  Rendered /home/sai/.rvm/gems/ruby-2.1.0/gems/web-console-2.3.0/lib/web_console/templates/_markup.html.erb (1.0ms)
  Rendered /home/sai/.rvm/gems/ruby-2.1.0/gems/web-console-2.3.0/lib/web_console/templates/_inner_console_markup.html.erb within layouts/inlined_string (0.4ms)
  Rendered /home/sai/.rvm/gems/ruby-2.1.0/gems/web-console-2.3.0/lib/web_console/templates/_prompt_box_markup.html.erb within layouts/inlined_string (0.4ms)
  Rendered /home/sai/.rvm/gems/ruby-2.1.0/gems/web-console-2.3.0/lib/web_console/templates/style.css.erb within layouts/inlined_string (0.5ms)
  Rendered /home/sai/.rvm/gems/ruby-2.1.0/gems/web-console-2.3.0/lib/web_console/templates/console.js.erb within layouts/javascript (17.7ms)
  Rendered /home/sai/.rvm/gems/ruby-2.1.0/gems/web-console-2.3.0/lib/web_console/templates/main.js.erb within layouts/javascript (0.7ms)
  Rendered /home/sai/.rvm/gems/ruby-2.1.0/gems/web-console-2.3.0/lib/web_console/templates/error_page.js.erb within layouts/javascript (0.7ms)
  Rendered /home/sai/.rvm/gems/ruby-2.1.0/gems/web-console-2.3.0/lib/web_console/templates/index.html.erb (40.7ms)


Started GET "/" for 127.0.0.1 at 2016-10-31 14:43:34 -0400
Processing by StudentsController#index as HTML
  [1m[36mStudent Load (0.3ms)[0m  [1mSELECT "students".* FROM "students"[0m
  Rendered students/index.html.erb within layouts/application (4.8ms)
Completed 500 Internal Server Error in 8ms (ActiveRecord: 0.3ms)

ActionView::Template::Error (undefined method `name' for #<Student:0x00000005aca670>):
     8:  
     9:   <% @students.each do |student| %>
    10:     <tr>
    11:       <td><%= student.name %></td>
    12:       <td><%= student.movie %></td>
    13:     </tr>
    14:   <% end %>
  app/views/students/index.html.erb:11:in `block in _app_views_students_index_html_erb___410580068787939666_35064240'
  app/views/students/index.html.erb:9:in `_app_views_students_index_html_erb___410580068787939666_35064240'


  Rendered /home/sai/.rvm/gems/ruby-2.1.0/gems/actionpack-4.2.5.1/lib/action_dispatch/middleware/templates/rescues/_source.erb (15.0ms)
  Rendered /home/sai/.rvm/gems/ruby-2.1.0/gems/actionpack-4.2.5.1/lib/action_dispatch/middleware/templates/rescues/_trace.html.erb (4.4ms)
  Rendered /home/sai/.rvm/gems/ruby-2.1.0/gems/actionpack-4.2.5.1/lib/action_dispatch/middleware/templates/rescues/_request_and_response.html.erb (1.3ms)
  Rendered /home/sai/.rvm/gems/ruby-2.1.0/gems/actionpack-4.2.5.1/lib/action_dispatch/middleware/templates/rescues/template_error.html.erb within rescues/layout (36.3ms)
  Rendered /home/sai/.rvm/gems/ruby-2.1.0/gems/web-console-2.3.0/lib/web_console/templates/_markup.html.erb (0.8ms)
  Rendered /home/sai/.rvm/gems/ruby-2.1.0/gems/web-console-2.3.0/lib/web_console/templates/_inner_console_markup.html.erb within layouts/inlined_string (0.6ms)
  Rendered /home/sai/.rvm/gems/ruby-2.1.0/gems/web-console-2.3.0/lib/web_console/templates/_prompt_box_markup.html.erb within layouts/inlined_string (0.5ms)
  Rendered /home/sai/.rvm/gems/ruby-2.1.0/gems/web-console-2.3.0/lib/web_console/templates/style.css.erb within layouts/inlined_string (0.5ms)
  Rendered /home/sai/.rvm/gems/ruby-2.1.0/gems/web-console-2.3.0/lib/web_console/templates/console.js.erb within layouts/javascript (19.8ms)
  Rendered /home/sai/.rvm/gems/ruby-2.1.0/gems/web-console-2.3.0/lib/web_console/templates/main.js.erb within layouts/javascript (0.4ms)
  Rendered /home/sai/.rvm/gems/ruby-2.1.0/gems/web-console-2.3.0/lib/web_console/templates/error_page.js.erb within layouts/javascript (0.7ms)
  Rendered /home/sai/.rvm/gems/ruby-2.1.0/gems/web-console-2.3.0/lib/web_console/templates/index.html.erb (39.9ms)


Started GET "/" for 127.0.0.1 at 2016-10-31 14:46:08 -0400
Processing by StudentsController#index as HTML
  [1m[35mStudent Load (0.7ms)[0m  SELECT "students".* FROM "students"
  Rendered students/index.html.erb within layouts/application (22.8ms)
Completed 500 Internal Server Error in 31ms (ActiveRecord: 1.5ms)

ActionView::Template::Error (undefined method `movie' for #<Student:0x00000005e96600>):
     9:   <% @students.each do |student| %>
    10:     <tr>
    11:       <td><%= student.name %></td>
    12:       <td><%= student.movie %></td>
    13:     </tr>
    14:   <% end %>
    15: </table>
  app/views/students/index.html.erb:12:in `block in _app_views_students_index_html_erb___410580068787939666_35064240'
  app/views/students/index.html.erb:9:in `_app_views_students_index_html_erb___410580068787939666_35064240'


  Rendered /home/sai/.rvm/gems/ruby-2.1.0/gems/actionpack-4.2.5.1/lib/action_dispatch/middleware/templates/rescues/_source.erb (11.8ms)
  Rendered /home/sai/.rvm/gems/ruby-2.1.0/gems/actionpack-4.2.5.1/lib/action_dispatch/middleware/templates/rescues/_trace.html.erb (5.2ms)
  Rendered /home/sai/.rvm/gems/ruby-2.1.0/gems/actionpack-4.2.5.1/lib/action_dispatch/middleware/templates/rescues/_request_and_response.html.erb (1.4ms)
  Rendered /home/sai/.rvm/gems/ruby-2.1.0/gems/actionpack-4.2.5.1/lib/action_dispatch/middleware/templates/rescues/template_error.html.erb within rescues/layout (33.7ms)
  Rendered /home/sai/.rvm/gems/ruby-2.1.0/gems/web-console-2.3.0/lib/web_console/templates/_markup.html.erb (0.5ms)
  Rendered /home/sai/.rvm/gems/ruby-2.1.0/gems/web-console-2.3.0/lib/web_console/templates/_inner_console_markup.html.erb within layouts/inlined_string (0.8ms)
  Rendered /home/sai/.rvm/gems/ruby-2.1.0/gems/web-console-2.3.0/lib/web_console/templates/_prompt_box_markup.html.erb within layouts/inlined_string (0.4ms)
  Rendered /home/sai/.rvm/gems/ruby-2.1.0/gems/web-console-2.3.0/lib/web_console/templates/style.css.erb within layouts/inlined_string (0.5ms)
  Rendered /home/sai/.rvm/gems/ruby-2.1.0/gems/web-console-2.3.0/lib/web_console/templates/console.js.erb within layouts/javascript (20.8ms)
  Rendered /home/sai/.rvm/gems/ruby-2.1.0/gems/web-console-2.3.0/lib/web_console/templates/main.js.erb within layouts/javascript (0.3ms)
  Rendered /home/sai/.rvm/gems/ruby-2.1.0/gems/web-console-2.3.0/lib/web_console/templates/error_page.js.erb within layouts/javascript (0.6ms)
  Rendered /home/sai/.rvm/gems/ruby-2.1.0/gems/web-console-2.3.0/lib/web_console/templates/index.html.erb (39.7ms)


Started GET "/" for 127.0.0.1 at 2016-10-31 14:54:25 -0400
Processing by StudentsController#index as HTML
  [1m[36mStudent Load (0.4ms)[0m  [1mSELECT "students".* FROM "students"[0m
  Rendered students/index.html.erb within layouts/application (9.8ms)
Completed 200 OK in 502ms (Views: 499.3ms | ActiveRecord: 0.8ms)


Started GET "/assets/application.self-e80e8f2318043e8af94dddc2adad5a4f09739a8ebb323b3ab31cd71d45fd9113.css?body=1" for 127.0.0.1 at 2016-10-31 14:54:26 -0400


Started GET "/assets/application.self-3b8dabdc891efe46b9a144b400ad69e37d7e5876bdc39dee783419a69d7ca819.js?body=1" for 127.0.0.1 at 2016-10-31 14:54:26 -0400


Started GET "/?movie=Inception" for 127.0.0.1 at 2016-10-31 14:54:35 -0400
Processing by StudentsController#index as HTML
  Parameters: {"movie"=>"Inception"}
  [1m[35mStudent Load (0.2ms)[0m  SELECT "students".* FROM "students"
  Rendered students/index.html.erb within layouts/application (1.1ms)
Completed 200 OK in 16ms (Views: 15.4ms | ActiveRecord: 0.2ms)


Started GET "/?movie=Inceptio" for 127.0.0.1 at 2016-10-31 14:54:41 -0400
Processing by StudentsController#index as HTML
  Parameters: {"movie"=>"Inceptio"}
  [1m[36mStudent Load (0.3ms)[0m  [1mSELECT "students".* FROM "students"[0m
  Rendered students/index.html.erb within layouts/application (1.6ms)
Completed 200 OK in 24ms (Views: 22.4ms | ActiveRecord: 0.3ms)


Started GET "/?movie=Inceptio" for 127.0.0.1 at 2016-10-31 14:55:57 -0400
Processing by StudentsController#index as HTML
  Parameters: {"movie"=>"Inceptio"}
  [1m[35mStudent Load (1.4ms)[0m  SELECT "students".* FROM "students" WHERE "students"."movie" = 'Inceptio'
  Rendered students/index.html.erb within layouts/application (5.3ms)
Completed 500 Internal Server Error in 21ms (ActiveRecord: 2.3ms)

ActionView::Template::Error (SQLite3::SQLException: no such column: students.movie: SELECT "students".* FROM "students" WHERE "students"."movie" = 'Inceptio'):
     6:     <th>FavoriteMovie</th>
     7:   </tr>
     8:  
     9:   <% @students.each do |student| %>
    10:     <tr>
    11:       <td><%= student.name %></td>
    12:       <td><%= student.movie %></td>
  app/views/students/index.html.erb:9:in `_app_views_students_index_html_erb___410580068787939666_35064240'


  Rendered /home/sai/.rvm/gems/ruby-2.1.0/gems/actionpack-4.2.5.1/lib/action_dispatch/middleware/templates/rescues/_source.erb (12.4ms)
  Rendered /home/sai/.rvm/gems/ruby-2.1.0/gems/actionpack-4.2.5.1/lib/action_dispatch/middleware/templates/rescues/_trace.html.erb (4.2ms)
  Rendered /home/sai/.rvm/gems/ruby-2.1.0/gems/actionpack-4.2.5.1/lib/action_dispatch/middleware/templates/rescues/_request_and_response.html.erb (1.3ms)
  Rendered /home/sai/.rvm/gems/ruby-2.1.0/gems/actionpack-4.2.5.1/lib/action_dispatch/middleware/templates/rescues/template_error.html.erb within rescues/layout (31.8ms)
  Rendered /home/sai/.rvm/gems/ruby-2.1.0/gems/web-console-2.3.0/lib/web_console/templates/_markup.html.erb (0.4ms)
  Rendered /home/sai/.rvm/gems/ruby-2.1.0/gems/web-console-2.3.0/lib/web_console/templates/_inner_console_markup.html.erb within layouts/inlined_string (0.7ms)
  Rendered /home/sai/.rvm/gems/ruby-2.1.0/gems/web-console-2.3.0/lib/web_console/templates/_prompt_box_markup.html.erb within layouts/inlined_string (0.5ms)
  Rendered /home/sai/.rvm/gems/ruby-2.1.0/gems/web-console-2.3.0/lib/web_console/templates/style.css.erb within layouts/inlined_string (0.5ms)
  Rendered /home/sai/.rvm/gems/ruby-2.1.0/gems/web-console-2.3.0/lib/web_console/templates/console.js.erb within layouts/javascript (21.5ms)
  Rendered /home/sai/.rvm/gems/ruby-2.1.0/gems/web-console-2.3.0/lib/web_console/templates/main.js.erb within layouts/javascript (0.4ms)
  Rendered /home/sai/.rvm/gems/ruby-2.1.0/gems/web-console-2.3.0/lib/web_console/templates/error_page.js.erb within layouts/javascript (1.1ms)
  Rendered /home/sai/.rvm/gems/ruby-2.1.0/gems/web-console-2.3.0/lib/web_console/templates/index.html.erb (42.9ms)


Started GET "/?movie=Inceptio" for 127.0.0.1 at 2016-10-31 14:56:31 -0400
Processing by StudentsController#index as HTML
  Parameters: {"movie"=>"Inceptio"}
  [1m[36mStudent Load (0.3ms)[0m  [1mSELECT "students".* FROM "students" WHERE "students"."favoritemovie" = ?[0m  [["favoritemovie", "Inceptio"]]
  Rendered students/index.html.erb within layouts/application (4.0ms)
Completed 200 OK in 29ms (Views: 24.9ms | ActiveRecord: 0.7ms)


Started GET "/?movie=Inception" for 127.0.0.1 at 2016-10-31 14:56:37 -0400
Processing by StudentsController#index as HTML
  Parameters: {"movie"=>"Inception"}
  [1m[35mStudent Load (0.2ms)[0m  SELECT "students".* FROM "students" WHERE "students"."favoritemovie" = ?  [["favoritemovie", "Inception"]]
  Rendered students/index.html.erb within layouts/application (12.5ms)
Completed 200 OK in 30ms (Views: 27.9ms | ActiveRecord: 0.7ms)


Started GET "/?movie=Inception" for 127.0.0.1 at 2016-10-31 14:58:38 -0400
Processing by StudentsController#index as HTML
  Parameters: {"movie"=>"Inception"}
  [1m[36mStudent Load (0.1ms)[0m  [1mSELECT "students".* FROM "students" WHERE "students"."favoritemovie" = ?[0m  [["favoritemovie", "Inception"]]
  Rendered students/index.html.erb within layouts/application (1.5ms)
Completed 200 OK in 21ms (Views: 19.9ms | ActiveRecord: 0.1ms)


Started GET "/?movie=inception" for 127.0.0.1 at 2016-10-31 14:58:45 -0400
Processing by StudentsController#index as HTML
  Parameters: {"movie"=>"inception"}
  [1m[35mStudent Load (0.2ms)[0m  SELECT "students".* FROM "students" WHERE "students"."favoritemovie" = ?  [["favoritemovie", "inception"]]
  Rendered students/index.html.erb within layouts/application (1.0ms)
Completed 200 OK in 21ms (Views: 19.9ms | ActiveRecord: 0.2ms)


Started GET "/?movie=inception" for 127.0.0.1 at 2016-10-31 14:58:48 -0400
Processing by StudentsController#index as HTML
  Parameters: {"movie"=>"inception"}
  [1m[36mStudent Load (0.1ms)[0m  [1mSELECT "students".* FROM "students" WHERE "students"."favoritemovie" = ?[0m  [["favoritemovie", "inception"]]
  Rendered students/index.html.erb within layouts/application (0.9ms)
Completed 200 OK in 18ms (Views: 16.8ms | ActiveRecord: 0.1ms)


Started GET "/?movie=inception" for 127.0.0.1 at 2016-10-31 14:58:57 -0400
Processing by StudentsController#index as HTML
  Parameters: {"movie"=>"inception"}
  [1m[35mStudent Load (0.4ms)[0m  SELECT "students".* FROM "students" WHERE (lower(favoritemovie) = 'inception')
  Rendered students/index.html.erb within layouts/application (7.5ms)
Completed 200 OK in 30ms (Views: 26.7ms | ActiveRecord: 0.8ms)


Started GET "/?movie=inception" for 127.0.0.1 at 2016-10-31 15:05:14 -0400
Processing by StudentsController#index as HTML
  Parameters: {"movie"=>"inception"}
Completed 500 Internal Server Error in 4ms (ActiveRecord: 0.0ms)

NoMethodError (undefined method `fetch_results' for #<Class:0x007f412c1c1190>):
  app/controllers/students_controller.rb:7:in `index'


  Rendered /home/sai/.rvm/gems/ruby-2.1.0/gems/actionpack-4.2.5.1/lib/action_dispatch/middleware/templates/rescues/_source.erb (7.4ms)
  Rendered /home/sai/.rvm/gems/ruby-2.1.0/gems/actionpack-4.2.5.1/lib/action_dispatch/middleware/templates/rescues/_trace.html.erb (2.9ms)
  Rendered /home/sai/.rvm/gems/ruby-2.1.0/gems/actionpack-4.2.5.1/lib/action_dispatch/middleware/templates/rescues/_request_and_response.html.erb (1.3ms)
  Rendered /home/sai/.rvm/gems/ruby-2.1.0/gems/actionpack-4.2.5.1/lib/action_dispatch/middleware/templates/rescues/diagnostics.html.erb within rescues/layout (26.0ms)
  Rendered /home/sai/.rvm/gems/ruby-2.1.0/gems/web-console-2.3.0/lib/web_console/templates/_markup.html.erb (0.5ms)
  Rendered /home/sai/.rvm/gems/ruby-2.1.0/gems/web-console-2.3.0/lib/web_console/templates/_inner_console_markup.html.erb within layouts/inlined_string (0.8ms)
  Rendered /home/sai/.rvm/gems/ruby-2.1.0/gems/web-console-2.3.0/lib/web_console/templates/_prompt_box_markup.html.erb within layouts/inlined_string (0.3ms)
  Rendered /home/sai/.rvm/gems/ruby-2.1.0/gems/web-console-2.3.0/lib/web_console/templates/style.css.erb within layouts/inlined_string (0.4ms)
  Rendered /home/sai/.rvm/gems/ruby-2.1.0/gems/web-console-2.3.0/lib/web_console/templates/console.js.erb within layouts/javascript (17.6ms)
  Rendered /home/sai/.rvm/gems/ruby-2.1.0/gems/web-console-2.3.0/lib/web_console/templates/main.js.erb within layouts/javascript (0.3ms)
  Rendered /home/sai/.rvm/gems/ruby-2.1.0/gems/web-console-2.3.0/lib/web_console/templates/error_page.js.erb within layouts/javascript (0.5ms)
  Rendered /home/sai/.rvm/gems/ruby-2.1.0/gems/web-console-2.3.0/lib/web_console/templates/index.html.erb (37.0ms)


Started GET "/?movie=inception" for 127.0.0.1 at 2016-10-31 15:05:39 -0400
Processing by StudentsController#index as HTML
  Parameters: {"movie"=>"inception"}
  [1m[36mStudent Load (0.4ms)[0m  [1mSELECT "students".* FROM "students" WHERE (lower(favoritemovie) = 'inception')[0m
  Rendered students/index.html.erb within layouts/application (7.7ms)
Completed 200 OK in 29ms (Views: 26.2ms | ActiveRecord: 0.8ms)


Started GET "/?movie=inceptio" for 127.0.0.1 at 2016-10-31 15:05:43 -0400
Processing by StudentsController#index as HTML
  Parameters: {"movie"=>"inceptio"}
  [1m[35mStudent Load (0.2ms)[0m  SELECT "students".* FROM "students" WHERE (lower(favoritemovie) = 'inceptio')
  Rendered students/index.html.erb within layouts/application (5.0ms)
Completed 200 OK in 22ms (Views: 20.8ms | ActiveRecord: 0.2ms)


Started GET "/" for 127.0.0.1 at 2016-10-31 15:05:50 -0400
Processing by StudentsController#index as HTML
  [1m[36mStudent Load (0.3ms)[0m  [1mSELECT "students".* FROM "students"[0m
  Rendered students/index.html.erb within layouts/application (2.4ms)
Completed 200 OK in 21ms (Views: 19.7ms | ActiveRecord: 0.3ms)


Started GET "/" for 127.0.0.1 at 2016-10-31 15:05:53 -0400
Processing by StudentsController#index as HTML
  [1m[35mStudent Load (0.3ms)[0m  SELECT "students".* FROM "students"
  Rendered students/index.html.erb within layouts/application (1.3ms)
Completed 200 OK in 24ms (Views: 22.9ms | ActiveRecord: 0.3ms)
  [1m[36m (0.1ms)[0m  [1mbegin transaction[0m
  [1m[35mSQL (0.4ms)[0m  INSERT INTO "students" ("firstname", "lastname", "favoritefood", "favoritecolor", "favoritemovie", "created_at", "updated_at") VALUES (?, ?, ?, ?, ?, ?, ?)  [["firstname", "john"], ["lastname", "smith"], ["favoritefood", "Pizza"], ["favoritecolor", "blue"], ["favoritemovie", "Dhoom"], ["created_at", "2016-10-31 19:08:18.054372"], ["updated_at", "2016-10-31 19:08:18.054372"]]
  [1m[36m (125.4ms)[0m  [1mcommit transaction[0m


Started GET "/" for 127.0.0.1 at 2016-10-31 15:09:08 -0400
  [1m[36mActiveRecord::SchemaMigration Load (0.2ms)[0m  [1mSELECT "schema_migrations".* FROM "schema_migrations"[0m
Processing by StudentsController#index as HTML
  [1m[35mStudent Load (0.4ms)[0m  SELECT "students".* FROM "students"
  Rendered students/index.html.erb within layouts/application (11.7ms)
Completed 200 OK in 311ms (Views: 295.8ms | ActiveRecord: 0.9ms)


Started GET "/?movie=dhooM" for 127.0.0.1 at 2016-10-31 15:09:20 -0400
Processing by StudentsController#index as HTML
  Parameters: {"movie"=>"dhooM"}
  [1m[36mStudent Load (0.3ms)[0m  [1mSELECT "students".* FROM "students" WHERE (lower(favoritemovie) = 'dhoom')[0m
  Rendered students/index.html.erb within layouts/application (5.9ms)
Completed 200 OK in 25ms (Views: 23.2ms | ActiveRecord: 0.3ms)


Started GET "/?movie=inception" for 127.0.0.1 at 2016-10-31 15:09:26 -0400
Processing by StudentsController#index as HTML
  Parameters: {"movie"=>"inception"}
  [1m[35mStudent Load (0.3ms)[0m  SELECT "students".* FROM "students" WHERE (lower(favoritemovie) = 'inception')
  Rendered students/index.html.erb within layouts/application (1.6ms)
Completed 200 OK in 22ms (Views: 21.0ms | ActiveRecord: 0.3ms)


Started GET "/" for 127.0.0.1 at 2016-10-31 15:09:31 -0400
Processing by StudentsController#index as HTML
  [1m[36mStudent Load (0.3ms)[0m  [1mSELECT "students".* FROM "students"[0m
  Rendered students/index.html.erb within layouts/application (1.7ms)
Completed 200 OK in 19ms (Views: 17.4ms | ActiveRecord: 0.3ms)


Started GET "/" for 127.0.0.1 at 2016-10-31 15:12:03 -0400
  [1m[36mActiveRecord::SchemaMigration Load (0.2ms)[0m  [1mSELECT "schema_migrations".* FROM "schema_migrations"[0m
Processing by StudentsController#index as HTML
  [1m[35mStudent Load (0.2ms)[0m  SELECT "students".* FROM "students"
  Rendered students/index.html.erb within layouts/application (11.5ms)
Completed 200 OK in 321ms (Views: 307.0ms | ActiveRecord: 0.6ms)


Started GET "/" for 127.0.0.1 at 2016-10-31 15:14:35 -0400
Processing by StudentsController#index as HTML
  [1m[36mStudent Load (0.4ms)[0m  [1mSELECT "students".* FROM "students"[0m
  [1m[35m (0.2ms)[0m  SELECT COUNT(*) FROM "students" WHERE "students"."firstname" = ?  [["firstname", "sam"]]
  [1m[36m (0.2ms)[0m  [1mSELECT COUNT(*) FROM "students" WHERE "students"."firstname" = ?[0m  [["firstname", "andrew"]]
  [1m[35mCACHE (0.0ms)[0m  SELECT COUNT(*) FROM "students" WHERE "students"."firstname" = ?  [["firstname", "sam"]]
  [1m[36m (0.2ms)[0m  [1mSELECT COUNT(*) FROM "students" WHERE "students"."firstname" = ?[0m  [["firstname", "john"]]
  Rendered students/index.html.erb within layouts/application (20.0ms)
Completed 200 OK in 41ms (Views: 37.2ms | ActiveRecord: 1.4ms)
  [1m[36m (0.1ms)[0m  [1mbegin transaction[0m
  [1m[35mSQL (0.4ms)[0m  INSERT INTO "students" ("firstname", "lastname", "favoritefood", "favoritecolor", "favoritemovie", "created_at", "updated_at") VALUES (?, ?, ?, ?, ?, ?, ?)  [["firstname", "andrew"], ["lastname", "smitha"], ["favoritefood", "Pizza"], ["favoritecolor", "blue"], ["favoritemovie", "Dhoom"], ["created_at", "2016-10-31 19:15:24.725181"], ["updated_at", "2016-10-31 19:15:24.725181"]]
  [1m[36m (142.6ms)[0m  [1mcommit transaction[0m


Started GET "/" for 127.0.0.1 at 2016-10-31 15:15:44 -0400
  [1m[36mActiveRecord::SchemaMigration Load (0.1ms)[0m  [1mSELECT "schema_migrations".* FROM "schema_migrations"[0m
Processing by StudentsController#index as HTML
  [1m[35mStudent Load (0.2ms)[0m  SELECT "students".* FROM "students"
  [1m[36m (0.2ms)[0m  [1mSELECT COUNT(*) FROM "students" WHERE "students"."firstname" = ?[0m  [["firstname", "sam"]]
  [1m[35m (0.1ms)[0m  SELECT COUNT(*) FROM "students" WHERE "students"."firstname" = ?  [["firstname", "andrew"]]
  [1m[36mCACHE (0.0ms)[0m  [1mSELECT COUNT(*) FROM "students" WHERE "students"."firstname" = ?[0m  [["firstname", "sam"]]
  [1m[35m (0.1ms)[0m  SELECT COUNT(*) FROM "students" WHERE "students"."firstname" = ?  [["firstname", "john"]]
  [1m[36mCACHE (0.0ms)[0m  [1mSELECT COUNT(*) FROM "students" WHERE "students"."firstname" = ?[0m  [["firstname", "andrew"]]
  Rendered students/index.html.erb within layouts/application (19.5ms)
Completed 200 OK in 334ms (Views: 319.3ms | ActiveRecord: 1.1ms)
